[Mon Dec 10 11:33:03 2018] INFO: Opened log file Urho3D.log
[Mon Dec 10 11:33:03 2018] INFO: Created 1 worker thread
[Mon Dec 10 11:33:03 2018] INFO: Added resource path E:/Cplus_projects/MyCube/bin/Data/
[Mon Dec 10 11:33:03 2018] INFO: Added resource path E:/Cplus_projects/MyCube/bin/CoreData/
[Mon Dec 10 11:33:03 2018] INFO: Adapter used Intel Intel(R) HD Graphics
[Mon Dec 10 11:33:03 2018] INFO: Set screen mode 1024x768 windowed monitor 0
[Mon Dec 10 11:33:03 2018] INFO: Initialized input
[Mon Dec 10 11:33:03 2018] INFO: Initialized user interface
[Mon Dec 10 11:33:04 2018] DEBUG: Loading resource Textures/Ramp.png
[Mon Dec 10 11:33:04 2018] DEBUG: Loading temporary resource Textures/Ramp.xml
[Mon Dec 10 11:33:04 2018] DEBUG: Loading resource Textures/Spot.png
[Mon Dec 10 11:33:04 2018] DEBUG: Loading temporary resource Textures/Spot.xml
[Mon Dec 10 11:33:04 2018] DEBUG: Loading resource Techniques/NoTexture.xml
[Mon Dec 10 11:33:04 2018] DEBUG: Loading resource RenderPaths/Forward.xml
[Mon Dec 10 11:33:04 2018] INFO: Initialized renderer
[Mon Dec 10 11:33:04 2018] INFO: Set audio mode 44100 Hz stereo interpolated
[Mon Dec 10 11:33:04 2018] INFO: Initialized engine
[Mon Dec 10 11:33:04 2018] DEBUG: Loading resource UI/DefaultStyle.xml
[Mon Dec 10 11:33:04 2018] DEBUG: Loading resource Fonts/Anonymous Pro.ttf
[Mon Dec 10 11:33:04 2018] DEBUG: Font face Anonymous Pro (10pt) has 624 glyphs
[Mon Dec 10 11:33:04 2018] DEBUG: Loading resource Textures/UI.png
[Mon Dec 10 11:33:04 2018] DEBUG: Loading temporary resource Textures/UI.xml
[Mon Dec 10 11:33:04 2018] DEBUG: Loading resource Models/Box.mdl
[Mon Dec 10 11:33:04 2018] DEBUG: Loading resource Materials/Editor/MyRed.xml
[Mon Dec 10 11:33:04 2018] DEBUG: Font face Anonymous Pro (15pt) has 624 glyphs
[Mon Dec 10 11:33:04 2018] DEBUG: Reloading shaders
[Mon Dec 10 11:33:04 2018] DEBUG: Loading resource Shaders/GLSL/LitSolid.glsl
[Mon Dec 10 11:33:04 2018] WARNING: Shader LitSolid(DIRLIGHT NOUV PERPIXEL) does not use the define NOUV
[Mon Dec 10 11:33:04 2018] DEBUG: Compiled vertex shader LitSolid(DIRLIGHT NOUV PERPIXEL)
[Mon Dec 10 11:33:04 2018] DEBUG: Compiled pixel shader LitSolid(AMBIENT DIRLIGHT PERPIXEL SPECULAR)
[Mon Dec 10 11:33:04 2018] DEBUG: Linked vertex shader LitSolid(DIRLIGHT NOUV PERPIXEL) and pixel shader LitSolid(AMBIENT DIRLIGHT PERPIXEL SPECULAR)
[Mon Dec 10 11:33:04 2018] DEBUG: Loading resource Shaders/GLSL/Basic.glsl
[Mon Dec 10 11:33:04 2018] DEBUG: Compiled vertex shader Basic(DIFFMAP VERTEXCOLOR)
[Mon Dec 10 11:33:04 2018] DEBUG: Compiled pixel shader Basic(ALPHAMAP VERTEXCOLOR)
[Mon Dec 10 11:33:04 2018] DEBUG: Linked vertex shader Basic(DIFFMAP VERTEXCOLOR) and pixel shader Basic(ALPHAMAP VERTEXCOLOR)
[Mon Dec 10 11:33:04 2018] DEBUG: Compiled pixel shader Basic(DIFFMAP VERTEXCOLOR)
[Mon Dec 10 11:33:04 2018] DEBUG: Linked vertex shader Basic(DIFFMAP VERTEXCOLOR) and pixel shader Basic(DIFFMAP VERTEXCOLOR)
[Mon Dec 10 11:33:18 2018] DEBUG: Quitting SDL
